2022-10-11 19:12:49,408:INFO:PyCaret Supervised Module
2022-10-11 19:12:49,412:INFO:ML Usecase: classification
2022-10-11 19:12:49,412:INFO:version 2.3.0
2022-10-11 19:12:49,413:INFO:Initializing setup()
2022-10-11 19:12:49,413:INFO:setup(target=parental level of education, ml_usecase=classification, available_plots={'parameter': 'Hyperparameters', 'auc': 'AUC', 'confusion_matrix': 'Confusion Matrix', 'threshold': 'Threshold', 'pr': 'Precision Recall', 'error': 'Prediction Error', 'class_report': 'Class Report', 'rfe': 'Feature Selection', 'learning': 'Learning Curve', 'manifold': 'Manifold Learning', 'calibration': 'Calibration Curve', 'vc': 'Validation Curve', 'dimension': 'Dimensions', 'feature': 'Feature Importance', 'feature_all': 'Feature Importance (All)', 'boundary': 'Decision Boundary', 'lift': 'Lift Chart', 'gain': 'Gain Chart', 'tree': 'Decision Tree'}, train_size=0.7, test_data=None, preprocess=True, imputation_type=simple, iterative_imputation_iters=5, categorical_features=None, categorical_imputation=constant, categorical_iterative_imputer=lightgbm, ordinal_features=None, high_cardinality_features=None, high_cardinality_method=frequency, numeric_features=None, numeric_imputation=mean, numeric_iterative_imputer=lightgbm, date_features=None, ignore_features=None, normalize=True, normalize_method=zscore, transformation=False, transformation_method=yeo-johnson, handle_unknown_categorical=True, unknown_categorical_method=least_frequent, pca=False, pca_method=linear, pca_components=None, ignore_low_variance=False, combine_rare_levels=False, rare_level_threshold=0.1, bin_numeric_features=None, remove_outliers=False, outliers_threshold=0.05, remove_multicollinearity=False, multicollinearity_threshold=0.9, remove_perfect_collinearity=True, create_clusters=False, cluster_iter=20, polynomial_features=False, polynomial_degree=2, trigonometry_features=False, polynomial_threshold=0.1, group_features=None, group_names=None, feature_selection=False, feature_selection_threshold=0.8, feature_selection_method=classic, feature_interaction=False, feature_ratio=False, interaction_threshold=0.01, fix_imbalance=False, fix_imbalance_method=None, transform_target=False, transform_target_method=box-cox, data_split_shuffle=True, data_split_stratify=False, fold_strategy=stratifiedkfold, fold=10, fold_shuffle=False, fold_groups=None, n_jobs=-1, use_gpu=False, custom_pipeline=None, html=True, session_id=42, log_experiment=False, experiment_name=None, log_plots=False, log_profile=False, log_data=False, silent=False, verbose=False, profile=False, profile_kwargs=None, display=None)
2022-10-11 19:12:49,413:INFO:Checking environment
2022-10-11 19:12:49,414:INFO:python_version: 3.7.12
2022-10-11 19:12:49,415:INFO:python_build: ('default', 'Oct 26 2021 05:35:01')
2022-10-11 19:12:49,416:INFO:machine: AMD64
2022-10-11 19:12:49,416:INFO:platform: Windows-10-10.0.19041-SP0
2022-10-11 19:12:49,418:INFO:Memory: svmem(total=8424665088, available=1034301440, percent=87.7, used=7390363648, free=1034301440)
2022-10-11 19:12:49,418:INFO:Physical Core: 2
2022-10-11 19:12:49,418:INFO:Logical Core: 4
2022-10-11 19:12:49,418:INFO:Checking libraries
2022-10-11 19:12:49,419:INFO:pd==1.3.5
2022-10-11 19:12:49,419:INFO:numpy==1.19.5
2022-10-11 19:12:49,419:INFO:sklearn==0.23.2
2022-10-11 19:12:49,420:INFO:lightgbm==3.3.2
2022-10-11 19:12:49,434:WARNING:catboost not found
2022-10-11 19:12:50,165:INFO:xgboost==1.6.1
2022-10-11 19:12:52,253:INFO:mlflow==1.24.0
2022-10-11 19:12:52,255:INFO:Checking Exceptions
2022-10-11 19:12:52,259:INFO:Declaring global variables
2022-10-11 19:12:52,259:INFO:USI: a7bf
2022-10-11 19:12:52,259:INFO:pycaret_globals: {'target_param', 'exp_name_log', 'stratify_param', 'log_plots_param', 'n_jobs_param', 'display_container', '_available_plots', 'imputation_classifier', '_internal_pipeline', 'data_before_preprocess', 'pycaret_globals', 'imputation_regressor', 'gpu_param', 'y', 'experiment__', 'fold_param', 'logging_param', 'fix_imbalance_param', 'fold_groups_param', '_all_models', 'create_model_container', 'USI', 'prep_pipe', '_all_models_internal', '_all_metrics', 'master_model_container', 'X_test', 'seed', 'X_train', 'html_param', 'transform_target_param', 'fix_imbalance_method_param', '_ml_usecase', 'X', 'iterative_imputation_iters_param', '_gpu_n_jobs_param', 'fold_shuffle_param', 'fold_generator', 'y_train', 'y_test', 'transform_target_method_param'}
2022-10-11 19:12:52,260:INFO:Preparing display monitor
2022-10-11 19:12:52,263:INFO:Importing libraries
2022-10-11 19:12:52,264:INFO:Copying data for preprocessing
2022-10-11 19:12:52,271:INFO:Declaring preprocessing parameters
2022-10-11 19:12:52,284:INFO:Creating preprocessing pipeline
2022-10-11 19:12:52,307:INFO:Preprocessing pipeline created successfully
2022-10-11 19:12:52,307:ERROR:(Process Exit): setup has been interupted with user command 'quit'. setup must rerun.
2022-10-11 19:12:52,308:INFO:Creating global containers
2022-10-11 19:12:52,318:INFO:Internal pipeline: Pipeline(memory=None, steps=[('empty_step', 'passthrough')], verbose=False)
2022-10-11 19:13:03,636:WARNING:Couldn't import catboost.CatBoostClassifier
2022-10-11 19:13:03,803:WARNING:Couldn't import catboost.CatBoostClassifier
2022-10-11 19:13:03,804:INFO:Creating grid variables
2022-10-11 19:13:03,814:INFO:create_model_container: 0
2022-10-11 19:13:03,814:INFO:master_model_container: 0
2022-10-11 19:13:03,815:INFO:display_container: 1
2022-10-11 19:13:03,826:INFO:Pipeline(memory=None,
         steps=[('dtypes',
                 DataTypes_Auto_infer(categorical_features=[],
                                      display_types=True, features_todrop=[],
                                      id_columns=[],
                                      ml_usecase='classification',
                                      numerical_features=[],
                                      target='parental level of education',
                                      time_features=[])),
                ('imputer',
                 Simple_Imputer(categorical_strategy='not_available',
                                fill_value_categorical=None,
                                fill_value_numerical=...
                ('P_transform', 'passthrough'), ('binn', 'passthrough'),
                ('rem_outliers', 'passthrough'), ('cluster_all', 'passthrough'),
                ('dummy', Dummify(target='parental level of education')),
                ('fix_perfect',
                 Remove_100(target='parental level of education')),
                ('clean_names', Clean_Colum_Names()),
                ('feature_select', 'passthrough'), ('fix_multi', 'passthrough'),
                ('dfs', 'passthrough'), ('pca', 'passthrough')],
         verbose=False)
2022-10-11 19:13:03,827:INFO:setup() succesfully completed......................................
2022-10-11 19:13:04,543:INFO:Initializing compare_models()
2022-10-11 19:13:04,543:INFO:compare_models(include=None, fold=None, round=4, cross_validation=True, sort=Accuracy, n_select=1, budget_time=None, turbo=True, errors=ignore, fit_kwargs=None, groups=None, verbose=True, display=None, exclude=None)
2022-10-11 19:13:04,543:INFO:Checking exceptions
2022-10-11 19:13:04,544:INFO:Preparing display monitor
2022-10-11 19:13:04,544:INFO:Preparing display monitor
2022-10-11 19:13:04,631:INFO:Initializing Logistic Regression
2022-10-11 19:13:04,631:INFO:Total runtime is 0.0 minutes
2022-10-11 19:13:04,664:INFO:SubProcess create_model() called ==================================
2022-10-11 19:13:04,666:INFO:Initializing create_model()
2022-10-11 19:13:04,667:INFO:create_model(estimator=lr, fold=StratifiedKFold(n_splits=10, random_state=None, shuffle=False), round=4, cross_validation=True, predict=True, fit_kwargs={}, groups=None, refit=False, verbose=False, system=False, metrics=None, display=<pycaret.internal.Display.Display object at 0x000001A5E05D7148>, kwargs={})
2022-10-11 19:13:04,667:INFO:Checking exceptions
2022-10-11 19:13:04,667:INFO:Importing libraries
2022-10-11 19:13:04,668:INFO:Copying training dataset
2022-10-11 19:13:04,670:INFO:Defining folds
2022-10-11 19:13:04,671:INFO:Declaring metric variables
2022-10-11 19:13:04,713:INFO:Importing untrained model
2022-10-11 19:13:04,742:INFO:Logistic Regression Imported succesfully
2022-10-11 19:13:04,867:INFO:Starting cross validation
2022-10-11 19:13:04,869:INFO:Cross validating with StratifiedKFold(n_splits=10, random_state=None, shuffle=False), n_jobs=-1
2022-10-11 19:13:23,519:INFO:Calculating mean and std
2022-10-11 19:13:23,521:INFO:Creating metrics dataframe
2022-10-11 19:13:23,537:INFO:Uploading results into container
2022-10-11 19:13:23,537:INFO:Uploading model into container now
2022-10-11 19:13:23,537:INFO:create_model_container: 1
2022-10-11 19:13:23,538:INFO:master_model_container: 1
2022-10-11 19:13:23,538:INFO:display_container: 2
2022-10-11 19:13:23,540:INFO:LogisticRegression(C=1.0, class_weight=None, dual=False, fit_intercept=True,
                   intercept_scaling=1, l1_ratio=None, max_iter=1000,
                   multi_class='auto', n_jobs=None, penalty='l2',
                   random_state=42, solver='lbfgs', tol=0.0001, verbose=0,
                   warm_start=False)
2022-10-11 19:13:23,540:INFO:create_model() succesfully completed......................................
2022-10-11 19:13:23,968:INFO:SubProcess create_model() end ==================================
2022-10-11 19:13:23,969:INFO:Creating metrics dataframe
2022-10-11 19:13:24,024:INFO:Initializing K Neighbors Classifier
2022-10-11 19:13:24,025:INFO:Total runtime is 0.32323021491368614 minutes
2022-10-11 19:13:24,054:INFO:SubProcess create_model() called ==================================
2022-10-11 19:13:24,055:INFO:Initializing create_model()
2022-10-11 19:13:24,055:INFO:create_model(estimator=knn, fold=StratifiedKFold(n_splits=10, random_state=None, shuffle=False), round=4, cross_validation=True, predict=True, fit_kwargs={}, groups=None, refit=False, verbose=False, system=False, metrics=None, display=<pycaret.internal.Display.Display object at 0x000001A5E05D7148>, kwargs={})
2022-10-11 19:13:24,056:INFO:Checking exceptions
2022-10-11 19:13:24,056:INFO:Importing libraries
2022-10-11 19:13:24,056:INFO:Copying training dataset
2022-10-11 19:13:24,061:INFO:Defining folds
2022-10-11 19:13:24,061:INFO:Declaring metric variables
2022-10-11 19:13:24,107:INFO:Importing untrained model
2022-10-11 19:13:24,172:INFO:K Neighbors Classifier Imported succesfully
2022-10-11 19:13:24,254:INFO:Starting cross validation
2022-10-11 19:13:24,255:INFO:Cross validating with StratifiedKFold(n_splits=10, random_state=None, shuffle=False), n_jobs=-1
2022-10-11 19:13:25,259:INFO:Calculating mean and std
2022-10-11 19:13:25,260:INFO:Creating metrics dataframe
2022-10-11 19:13:25,272:INFO:Uploading results into container
2022-10-11 19:13:25,273:INFO:Uploading model into container now
2022-10-11 19:13:25,274:INFO:create_model_container: 2
2022-10-11 19:13:25,274:INFO:master_model_container: 2
2022-10-11 19:13:25,274:INFO:display_container: 2
2022-10-11 19:13:25,275:INFO:KNeighborsClassifier(algorithm='auto', leaf_size=30, metric='minkowski',
                     metric_params=None, n_jobs=-1, n_neighbors=5, p=2,
                     weights='uniform')
2022-10-11 19:13:25,276:INFO:create_model() succesfully completed......................................
2022-10-11 19:13:25,915:INFO:SubProcess create_model() end ==================================
2022-10-11 19:13:25,916:INFO:Creating metrics dataframe
2022-10-11 19:13:25,960:INFO:Initializing Naive Bayes
2022-10-11 19:13:25,961:INFO:Total runtime is 0.3554987867673238 minutes
2022-10-11 19:13:25,983:INFO:SubProcess create_model() called ==================================
2022-10-11 19:13:25,984:INFO:Initializing create_model()
2022-10-11 19:13:25,984:INFO:create_model(estimator=nb, fold=StratifiedKFold(n_splits=10, random_state=None, shuffle=False), round=4, cross_validation=True, predict=True, fit_kwargs={}, groups=None, refit=False, verbose=False, system=False, metrics=None, display=<pycaret.internal.Display.Display object at 0x000001A5E05D7148>, kwargs={})
2022-10-11 19:13:25,984:INFO:Checking exceptions
2022-10-11 19:13:25,986:INFO:Importing libraries
2022-10-11 19:13:25,986:INFO:Copying training dataset
2022-10-11 19:13:25,988:INFO:Defining folds
2022-10-11 19:13:25,988:INFO:Declaring metric variables
2022-10-11 19:13:26,019:INFO:Importing untrained model
2022-10-11 19:13:26,051:INFO:Naive Bayes Imported succesfully
2022-10-11 19:13:26,111:INFO:Starting cross validation
2022-10-11 19:13:26,116:INFO:Cross validating with StratifiedKFold(n_splits=10, random_state=None, shuffle=False), n_jobs=-1
2022-10-11 19:13:26,370:INFO:Calculating mean and std
2022-10-11 19:13:26,372:INFO:Creating metrics dataframe
2022-10-11 19:13:26,381:INFO:Uploading results into container
2022-10-11 19:13:26,381:INFO:Uploading model into container now
2022-10-11 19:13:26,382:INFO:create_model_container: 3
2022-10-11 19:13:26,382:INFO:master_model_container: 3
2022-10-11 19:13:26,382:INFO:display_container: 2
2022-10-11 19:13:26,382:INFO:GaussianNB(priors=None, var_smoothing=1e-09)
2022-10-11 19:13:26,383:INFO:create_model() succesfully completed......................................
2022-10-11 19:13:26,798:INFO:SubProcess create_model() end ==================================
2022-10-11 19:13:26,799:INFO:Creating metrics dataframe
2022-10-11 19:13:26,891:INFO:Initializing Decision Tree Classifier
2022-10-11 19:13:26,892:INFO:Total runtime is 0.37101678053538006 minutes
2022-10-11 19:13:26,925:INFO:SubProcess create_model() called ==================================
2022-10-11 19:13:26,926:INFO:Initializing create_model()
2022-10-11 19:13:26,927:INFO:create_model(estimator=dt, fold=StratifiedKFold(n_splits=10, random_state=None, shuffle=False), round=4, cross_validation=True, predict=True, fit_kwargs={}, groups=None, refit=False, verbose=False, system=False, metrics=None, display=<pycaret.internal.Display.Display object at 0x000001A5E05D7148>, kwargs={})
2022-10-11 19:13:26,927:INFO:Checking exceptions
2022-10-11 19:13:26,927:INFO:Importing libraries
2022-10-11 19:13:26,927:INFO:Copying training dataset
2022-10-11 19:13:26,931:INFO:Defining folds
2022-10-11 19:13:26,931:INFO:Declaring metric variables
2022-10-11 19:13:26,992:INFO:Importing untrained model
2022-10-11 19:13:27,055:INFO:Decision Tree Classifier Imported succesfully
2022-10-11 19:13:27,133:INFO:Starting cross validation
2022-10-11 19:13:27,134:INFO:Cross validating with StratifiedKFold(n_splits=10, random_state=None, shuffle=False), n_jobs=-1
2022-10-11 19:13:27,408:INFO:Calculating mean and std
2022-10-11 19:13:27,410:INFO:Creating metrics dataframe
2022-10-11 19:13:27,424:INFO:Uploading results into container
2022-10-11 19:13:27,426:INFO:Uploading model into container now
2022-10-11 19:13:27,426:INFO:create_model_container: 4
2022-10-11 19:13:27,426:INFO:master_model_container: 4
2022-10-11 19:13:27,426:INFO:display_container: 2
2022-10-11 19:13:27,428:INFO:DecisionTreeClassifier(ccp_alpha=0.0, class_weight=None, criterion='gini',
                       max_depth=None, max_features=None, max_leaf_nodes=None,
                       min_impurity_decrease=0.0, min_impurity_split=None,
                       min_samples_leaf=1, min_samples_split=2,
                       min_weight_fraction_leaf=0.0, presort='deprecated',
                       random_state=42, splitter='best')
2022-10-11 19:13:27,429:INFO:create_model() succesfully completed......................................
2022-10-11 19:13:27,989:INFO:SubProcess create_model() end ==================================
2022-10-11 19:13:27,989:INFO:Creating metrics dataframe
2022-10-11 19:13:28,064:INFO:Initializing SVM - Linear Kernel
2022-10-11 19:13:28,064:INFO:Total runtime is 0.3905532677968343 minutes
2022-10-11 19:13:28,109:INFO:SubProcess create_model() called ==================================
2022-10-11 19:13:28,110:INFO:Initializing create_model()
2022-10-11 19:13:28,110:INFO:create_model(estimator=svm, fold=StratifiedKFold(n_splits=10, random_state=None, shuffle=False), round=4, cross_validation=True, predict=True, fit_kwargs={}, groups=None, refit=False, verbose=False, system=False, metrics=None, display=<pycaret.internal.Display.Display object at 0x000001A5E05D7148>, kwargs={})
2022-10-11 19:13:28,114:INFO:Checking exceptions
2022-10-11 19:13:28,114:INFO:Importing libraries
2022-10-11 19:13:28,114:INFO:Copying training dataset
2022-10-11 19:13:28,116:INFO:Defining folds
2022-10-11 19:13:28,119:INFO:Declaring metric variables
2022-10-11 19:13:28,149:INFO:Importing untrained model
2022-10-11 19:13:28,184:INFO:SVM - Linear Kernel Imported succesfully
2022-10-11 19:13:28,248:INFO:Starting cross validation
2022-10-11 19:13:28,250:INFO:Cross validating with StratifiedKFold(n_splits=10, random_state=None, shuffle=False), n_jobs=-1
2022-10-11 19:13:28,851:INFO:Calculating mean and std
2022-10-11 19:13:28,854:INFO:Creating metrics dataframe
2022-10-11 19:13:28,869:INFO:Uploading results into container
2022-10-11 19:13:28,870:INFO:Uploading model into container now
2022-10-11 19:13:28,870:INFO:create_model_container: 5
2022-10-11 19:13:28,871:INFO:master_model_container: 5
2022-10-11 19:13:28,871:INFO:display_container: 2
2022-10-11 19:13:28,873:INFO:SGDClassifier(alpha=0.0001, average=False, class_weight=None,
              early_stopping=False, epsilon=0.1, eta0=0.001, fit_intercept=True,
              l1_ratio=0.15, learning_rate='optimal', loss='hinge',
              max_iter=1000, n_iter_no_change=5, n_jobs=-1, penalty='l2',
              power_t=0.5, random_state=42, shuffle=True, tol=0.001,
              validation_fraction=0.1, verbose=0, warm_start=False)
2022-10-11 19:13:28,873:INFO:create_model() succesfully completed......................................
2022-10-11 19:13:29,257:INFO:SubProcess create_model() end ==================================
2022-10-11 19:13:29,258:INFO:Creating metrics dataframe
2022-10-11 19:13:29,316:INFO:Initializing Ridge Classifier
2022-10-11 19:13:29,316:INFO:Total runtime is 0.41141358216603596 minutes
2022-10-11 19:13:29,340:INFO:SubProcess create_model() called ==================================
2022-10-11 19:13:29,341:INFO:Initializing create_model()
2022-10-11 19:13:29,341:INFO:create_model(estimator=ridge, fold=StratifiedKFold(n_splits=10, random_state=None, shuffle=False), round=4, cross_validation=True, predict=True, fit_kwargs={}, groups=None, refit=False, verbose=False, system=False, metrics=None, display=<pycaret.internal.Display.Display object at 0x000001A5E05D7148>, kwargs={})
2022-10-11 19:13:29,341:INFO:Checking exceptions
2022-10-11 19:13:29,342:INFO:Importing libraries
2022-10-11 19:13:29,342:INFO:Copying training dataset
2022-10-11 19:13:29,351:INFO:Defining folds
2022-10-11 19:13:29,351:INFO:Declaring metric variables
2022-10-11 19:13:29,374:INFO:Importing untrained model
2022-10-11 19:13:29,496:INFO:Ridge Classifier Imported succesfully
2022-10-11 19:13:29,589:INFO:Starting cross validation
2022-10-11 19:13:29,591:INFO:Cross validating with StratifiedKFold(n_splits=10, random_state=None, shuffle=False), n_jobs=-1
2022-10-11 19:13:29,848:INFO:Calculating mean and std
2022-10-11 19:13:29,851:INFO:Creating metrics dataframe
2022-10-11 19:13:29,864:INFO:Uploading results into container
2022-10-11 19:13:29,864:INFO:Uploading model into container now
2022-10-11 19:13:29,864:INFO:create_model_container: 6
2022-10-11 19:13:29,865:INFO:master_model_container: 6
2022-10-11 19:13:29,865:INFO:display_container: 2
2022-10-11 19:13:29,866:INFO:RidgeClassifier(alpha=1.0, class_weight=None, copy_X=True, fit_intercept=True,
                max_iter=None, normalize=False, random_state=42, solver='auto',
                tol=0.001)
2022-10-11 19:13:29,866:INFO:create_model() succesfully completed......................................
2022-10-11 19:13:30,317:INFO:SubProcess create_model() end ==================================
2022-10-11 19:13:30,317:INFO:Creating metrics dataframe
2022-10-11 19:13:30,357:INFO:Initializing Random Forest Classifier
2022-10-11 19:13:30,358:INFO:Total runtime is 0.42879345019658405 minutes
2022-10-11 19:13:30,383:INFO:SubProcess create_model() called ==================================
2022-10-11 19:13:30,384:INFO:Initializing create_model()
2022-10-11 19:13:30,384:INFO:create_model(estimator=rf, fold=StratifiedKFold(n_splits=10, random_state=None, shuffle=False), round=4, cross_validation=True, predict=True, fit_kwargs={}, groups=None, refit=False, verbose=False, system=False, metrics=None, display=<pycaret.internal.Display.Display object at 0x000001A5E05D7148>, kwargs={})
2022-10-11 19:13:30,384:INFO:Checking exceptions
2022-10-11 19:13:30,384:INFO:Importing libraries
2022-10-11 19:13:30,384:INFO:Copying training dataset
2022-10-11 19:13:30,386:INFO:Defining folds
2022-10-11 19:13:30,387:INFO:Declaring metric variables
2022-10-11 19:13:30,412:INFO:Importing untrained model
2022-10-11 19:13:30,441:INFO:Random Forest Classifier Imported succesfully
2022-10-11 19:13:30,537:INFO:Starting cross validation
2022-10-11 19:13:30,539:INFO:Cross validating with StratifiedKFold(n_splits=10, random_state=None, shuffle=False), n_jobs=-1
2022-10-11 19:13:34,995:INFO:Calculating mean and std
2022-10-11 19:13:34,996:INFO:Creating metrics dataframe
2022-10-11 19:13:35,006:INFO:Uploading results into container
2022-10-11 19:13:35,007:INFO:Uploading model into container now
2022-10-11 19:13:35,007:INFO:create_model_container: 7
2022-10-11 19:13:35,007:INFO:master_model_container: 7
2022-10-11 19:13:35,007:INFO:display_container: 2
2022-10-11 19:13:35,011:INFO:RandomForestClassifier(bootstrap=True, ccp_alpha=0.0, class_weight=None,
                       criterion='gini', max_depth=None, max_features='auto',
                       max_leaf_nodes=None, max_samples=None,
                       min_impurity_decrease=0.0, min_impurity_split=None,
                       min_samples_leaf=1, min_samples_split=2,
                       min_weight_fraction_leaf=0.0, n_estimators=100,
                       n_jobs=-1, oob_score=False, random_state=42, verbose=0,
                       warm_start=False)
2022-10-11 19:13:35,011:INFO:create_model() succesfully completed......................................
2022-10-11 19:13:35,312:INFO:SubProcess create_model() end ==================================
2022-10-11 19:13:35,312:INFO:Creating metrics dataframe
2022-10-11 19:13:35,344:INFO:Initializing Quadratic Discriminant Analysis
2022-10-11 19:13:35,344:INFO:Total runtime is 0.5118863979975382 minutes
2022-10-11 19:13:35,366:INFO:SubProcess create_model() called ==================================
2022-10-11 19:13:35,366:INFO:Initializing create_model()
2022-10-11 19:13:35,367:INFO:create_model(estimator=qda, fold=StratifiedKFold(n_splits=10, random_state=None, shuffle=False), round=4, cross_validation=True, predict=True, fit_kwargs={}, groups=None, refit=False, verbose=False, system=False, metrics=None, display=<pycaret.internal.Display.Display object at 0x000001A5E05D7148>, kwargs={})
2022-10-11 19:13:35,367:INFO:Checking exceptions
2022-10-11 19:13:35,368:INFO:Importing libraries
2022-10-11 19:13:35,368:INFO:Copying training dataset
2022-10-11 19:13:35,369:INFO:Defining folds
2022-10-11 19:13:35,370:INFO:Declaring metric variables
2022-10-11 19:13:35,398:INFO:Importing untrained model
2022-10-11 19:13:35,430:INFO:Quadratic Discriminant Analysis Imported succesfully
2022-10-11 19:13:35,487:INFO:Starting cross validation
2022-10-11 19:13:35,488:INFO:Cross validating with StratifiedKFold(n_splits=10, random_state=None, shuffle=False), n_jobs=-1
2022-10-11 19:13:35,737:INFO:Calculating mean and std
2022-10-11 19:13:35,738:INFO:Creating metrics dataframe
2022-10-11 19:13:35,750:INFO:Uploading results into container
2022-10-11 19:13:35,750:INFO:Uploading model into container now
2022-10-11 19:13:35,750:INFO:create_model_container: 8
2022-10-11 19:13:35,750:INFO:master_model_container: 8
2022-10-11 19:13:35,751:INFO:display_container: 2
2022-10-11 19:13:35,752:INFO:QuadraticDiscriminantAnalysis(priors=None, reg_param=0.0,
                              store_covariance=False, tol=0.0001)
2022-10-11 19:13:35,752:INFO:create_model() succesfully completed......................................
2022-10-11 19:13:36,114:INFO:SubProcess create_model() end ==================================
2022-10-11 19:13:36,115:INFO:Creating metrics dataframe
2022-10-11 19:13:36,147:INFO:Initializing Ada Boost Classifier
2022-10-11 19:13:36,147:INFO:Total runtime is 0.5252618749936422 minutes
2022-10-11 19:13:36,167:INFO:SubProcess create_model() called ==================================
2022-10-11 19:13:36,167:INFO:Initializing create_model()
2022-10-11 19:13:36,168:INFO:create_model(estimator=ada, fold=StratifiedKFold(n_splits=10, random_state=None, shuffle=False), round=4, cross_validation=True, predict=True, fit_kwargs={}, groups=None, refit=False, verbose=False, system=False, metrics=None, display=<pycaret.internal.Display.Display object at 0x000001A5E05D7148>, kwargs={})
2022-10-11 19:13:36,168:INFO:Checking exceptions
2022-10-11 19:13:36,168:INFO:Importing libraries
2022-10-11 19:13:36,168:INFO:Copying training dataset
2022-10-11 19:13:36,171:INFO:Defining folds
2022-10-11 19:13:36,171:INFO:Declaring metric variables
2022-10-11 19:13:36,194:INFO:Importing untrained model
2022-10-11 19:13:36,219:INFO:Ada Boost Classifier Imported succesfully
2022-10-11 19:13:36,270:INFO:Starting cross validation
2022-10-11 19:13:36,271:INFO:Cross validating with StratifiedKFold(n_splits=10, random_state=None, shuffle=False), n_jobs=-1
2022-10-11 19:13:37,597:INFO:Calculating mean and std
2022-10-11 19:13:37,598:INFO:Creating metrics dataframe
2022-10-11 19:13:37,610:INFO:Uploading results into container
2022-10-11 19:13:37,611:INFO:Uploading model into container now
2022-10-11 19:13:37,611:INFO:create_model_container: 9
2022-10-11 19:13:37,611:INFO:master_model_container: 9
2022-10-11 19:13:37,611:INFO:display_container: 2
2022-10-11 19:13:37,612:INFO:AdaBoostClassifier(algorithm='SAMME.R', base_estimator=None, learning_rate=1.0,
                   n_estimators=50, random_state=42)
2022-10-11 19:13:37,612:INFO:create_model() succesfully completed......................................
2022-10-11 19:13:38,006:INFO:SubProcess create_model() end ==================================
2022-10-11 19:13:38,006:INFO:Creating metrics dataframe
2022-10-11 19:13:38,044:INFO:Initializing Gradient Boosting Classifier
2022-10-11 19:13:38,045:INFO:Total runtime is 0.5568945288658143 minutes
2022-10-11 19:13:38,094:INFO:SubProcess create_model() called ==================================
2022-10-11 19:13:38,095:INFO:Initializing create_model()
2022-10-11 19:13:38,096:INFO:create_model(estimator=gbc, fold=StratifiedKFold(n_splits=10, random_state=None, shuffle=False), round=4, cross_validation=True, predict=True, fit_kwargs={}, groups=None, refit=False, verbose=False, system=False, metrics=None, display=<pycaret.internal.Display.Display object at 0x000001A5E05D7148>, kwargs={})
2022-10-11 19:13:38,096:INFO:Checking exceptions
2022-10-11 19:13:38,097:INFO:Importing libraries
2022-10-11 19:13:38,097:INFO:Copying training dataset
2022-10-11 19:13:38,099:INFO:Defining folds
2022-10-11 19:13:38,099:INFO:Declaring metric variables
2022-10-11 19:13:38,128:INFO:Importing untrained model
2022-10-11 19:13:38,171:INFO:Gradient Boosting Classifier Imported succesfully
2022-10-11 19:13:38,246:INFO:Starting cross validation
2022-10-11 19:13:38,248:INFO:Cross validating with StratifiedKFold(n_splits=10, random_state=None, shuffle=False), n_jobs=-1
2022-10-11 19:13:46,082:INFO:Calculating mean and std
2022-10-11 19:13:46,085:INFO:Creating metrics dataframe
2022-10-11 19:13:46,099:INFO:Uploading results into container
2022-10-11 19:13:46,099:INFO:Uploading model into container now
2022-10-11 19:13:46,099:INFO:create_model_container: 10
2022-10-11 19:13:46,099:INFO:master_model_container: 10
2022-10-11 19:13:46,100:INFO:display_container: 2
2022-10-11 19:13:46,102:INFO:GradientBoostingClassifier(ccp_alpha=0.0, criterion='friedman_mse', init=None,
                           learning_rate=0.1, loss='deviance', max_depth=3,
                           max_features=None, max_leaf_nodes=None,
                           min_impurity_decrease=0.0, min_impurity_split=None,
                           min_samples_leaf=1, min_samples_split=2,
                           min_weight_fraction_leaf=0.0, n_estimators=100,
                           n_iter_no_change=None, presort='deprecated',
                           random_state=42, subsample=1.0, tol=0.0001,
                           validation_fraction=0.1, verbose=0,
                           warm_start=False)
2022-10-11 19:13:46,102:INFO:create_model() succesfully completed......................................
2022-10-11 19:13:46,635:INFO:SubProcess create_model() end ==================================
2022-10-11 19:13:46,635:INFO:Creating metrics dataframe
2022-10-11 19:13:46,729:INFO:Initializing Linear Discriminant Analysis
2022-10-11 19:13:46,729:INFO:Total runtime is 0.7016414602597555 minutes
2022-10-11 19:13:46,759:INFO:SubProcess create_model() called ==================================
2022-10-11 19:13:46,760:INFO:Initializing create_model()
2022-10-11 19:13:46,761:INFO:create_model(estimator=lda, fold=StratifiedKFold(n_splits=10, random_state=None, shuffle=False), round=4, cross_validation=True, predict=True, fit_kwargs={}, groups=None, refit=False, verbose=False, system=False, metrics=None, display=<pycaret.internal.Display.Display object at 0x000001A5E05D7148>, kwargs={})
2022-10-11 19:13:46,761:INFO:Checking exceptions
2022-10-11 19:13:46,761:INFO:Importing libraries
2022-10-11 19:13:46,761:INFO:Copying training dataset
2022-10-11 19:13:46,763:INFO:Defining folds
2022-10-11 19:13:46,763:INFO:Declaring metric variables
2022-10-11 19:13:46,822:INFO:Importing untrained model
2022-10-11 19:13:46,851:INFO:Linear Discriminant Analysis Imported succesfully
2022-10-11 19:13:46,912:INFO:Starting cross validation
2022-10-11 19:13:46,913:INFO:Cross validating with StratifiedKFold(n_splits=10, random_state=None, shuffle=False), n_jobs=-1
2022-10-11 19:13:47,183:INFO:Calculating mean and std
2022-10-11 19:13:47,184:INFO:Creating metrics dataframe
2022-10-11 19:13:47,199:INFO:Uploading results into container
2022-10-11 19:13:47,200:INFO:Uploading model into container now
2022-10-11 19:13:47,200:INFO:create_model_container: 11
2022-10-11 19:13:47,200:INFO:master_model_container: 11
2022-10-11 19:13:47,201:INFO:display_container: 2
2022-10-11 19:13:47,202:INFO:LinearDiscriminantAnalysis(n_components=None, priors=None, shrinkage=None,
                           solver='svd', store_covariance=False, tol=0.0001)
2022-10-11 19:13:47,203:INFO:create_model() succesfully completed......................................
2022-10-11 19:13:47,795:INFO:SubProcess create_model() end ==================================
2022-10-11 19:13:47,795:INFO:Creating metrics dataframe
2022-10-11 19:13:47,875:INFO:Initializing Extra Trees Classifier
2022-10-11 19:13:47,876:INFO:Total runtime is 0.7207531929016113 minutes
2022-10-11 19:13:47,905:INFO:SubProcess create_model() called ==================================
2022-10-11 19:13:47,906:INFO:Initializing create_model()
2022-10-11 19:13:47,906:INFO:create_model(estimator=et, fold=StratifiedKFold(n_splits=10, random_state=None, shuffle=False), round=4, cross_validation=True, predict=True, fit_kwargs={}, groups=None, refit=False, verbose=False, system=False, metrics=None, display=<pycaret.internal.Display.Display object at 0x000001A5E05D7148>, kwargs={})
2022-10-11 19:13:47,907:INFO:Checking exceptions
2022-10-11 19:13:47,907:INFO:Importing libraries
2022-10-11 19:13:47,907:INFO:Copying training dataset
2022-10-11 19:13:47,909:INFO:Defining folds
2022-10-11 19:13:47,910:INFO:Declaring metric variables
2022-10-11 19:13:47,942:INFO:Importing untrained model
2022-10-11 19:13:47,989:INFO:Extra Trees Classifier Imported succesfully
2022-10-11 19:13:48,064:INFO:Starting cross validation
2022-10-11 19:13:48,066:INFO:Cross validating with StratifiedKFold(n_splits=10, random_state=None, shuffle=False), n_jobs=-1
2022-10-11 19:13:52,545:INFO:Calculating mean and std
2022-10-11 19:13:52,547:INFO:Creating metrics dataframe
2022-10-11 19:13:52,560:INFO:Uploading results into container
2022-10-11 19:13:52,561:INFO:Uploading model into container now
2022-10-11 19:13:52,561:INFO:create_model_container: 12
2022-10-11 19:13:52,561:INFO:master_model_container: 12
2022-10-11 19:13:52,561:INFO:display_container: 2
2022-10-11 19:13:52,563:INFO:ExtraTreesClassifier(bootstrap=False, ccp_alpha=0.0, class_weight=None,
                     criterion='gini', max_depth=None, max_features='auto',
                     max_leaf_nodes=None, max_samples=None,
                     min_impurity_decrease=0.0, min_impurity_split=None,
                     min_samples_leaf=1, min_samples_split=2,
                     min_weight_fraction_leaf=0.0, n_estimators=100, n_jobs=-1,
                     oob_score=False, random_state=42, verbose=0,
                     warm_start=False)
2022-10-11 19:13:52,563:INFO:create_model() succesfully completed......................................
2022-10-11 19:13:52,905:INFO:SubProcess create_model() end ==================================
2022-10-11 19:13:52,906:INFO:Creating metrics dataframe
2022-10-11 19:13:52,956:INFO:Initializing Extreme Gradient Boosting
2022-10-11 19:13:52,956:INFO:Total runtime is 0.8054246068000793 minutes
2022-10-11 19:13:52,979:INFO:SubProcess create_model() called ==================================
2022-10-11 19:13:52,980:INFO:Initializing create_model()
2022-10-11 19:13:52,980:INFO:create_model(estimator=xgboost, fold=StratifiedKFold(n_splits=10, random_state=None, shuffle=False), round=4, cross_validation=True, predict=True, fit_kwargs={}, groups=None, refit=False, verbose=False, system=False, metrics=None, display=<pycaret.internal.Display.Display object at 0x000001A5E05D7148>, kwargs={})
2022-10-11 19:13:52,980:INFO:Checking exceptions
2022-10-11 19:13:52,981:INFO:Importing libraries
2022-10-11 19:13:52,981:INFO:Copying training dataset
2022-10-11 19:13:52,986:INFO:Defining folds
2022-10-11 19:13:52,986:INFO:Declaring metric variables
2022-10-11 19:13:53,011:INFO:Importing untrained model
2022-10-11 19:13:53,048:INFO:Extreme Gradient Boosting Imported succesfully
2022-10-11 19:13:53,108:INFO:Starting cross validation
2022-10-11 19:13:53,115:INFO:Cross validating with StratifiedKFold(n_splits=10, random_state=None, shuffle=False), n_jobs=-1
2022-10-11 19:13:56,822:INFO:Calculating mean and std
2022-10-11 19:13:56,824:INFO:Creating metrics dataframe
2022-10-11 19:13:56,835:INFO:Uploading results into container
2022-10-11 19:13:56,836:INFO:Uploading model into container now
2022-10-11 19:13:56,836:INFO:create_model_container: 13
2022-10-11 19:13:56,836:INFO:master_model_container: 13
2022-10-11 19:13:56,836:INFO:display_container: 2
2022-10-11 19:13:56,839:INFO:XGBClassifier(base_score=None, booster='gbtree', callbacks=None,
              colsample_bylevel=None, colsample_bynode=None,
              colsample_bytree=None, early_stopping_rounds=None,
              enable_categorical=False, eval_metric=None, gamma=None,
              gpu_id=None, grow_policy=None, importance_type=None,
              interaction_constraints=None, learning_rate=None, max_bin=None,
              max_cat_to_onehot=None, max_delta_step=None, max_depth=None,
              max_leaves=None, min_child_weight=None, missing=nan,
              monotone_constraints=None, n_estimators=100, n_jobs=-1,
              num_parallel_tree=None, objective='binary:logistic',
              predictor=None, random_state=42, reg_alpha=None, ...)
2022-10-11 19:13:56,839:INFO:create_model() succesfully completed......................................
2022-10-11 19:13:57,310:INFO:SubProcess create_model() end ==================================
2022-10-11 19:13:57,310:INFO:Creating metrics dataframe
2022-10-11 19:13:57,366:INFO:Initializing Light Gradient Boosting Machine
2022-10-11 19:13:57,366:INFO:Total runtime is 0.8789255420366923 minutes
2022-10-11 19:13:57,392:INFO:SubProcess create_model() called ==================================
2022-10-11 19:13:57,392:INFO:Initializing create_model()
2022-10-11 19:13:57,392:INFO:create_model(estimator=lightgbm, fold=StratifiedKFold(n_splits=10, random_state=None, shuffle=False), round=4, cross_validation=True, predict=True, fit_kwargs={}, groups=None, refit=False, verbose=False, system=False, metrics=None, display=<pycaret.internal.Display.Display object at 0x000001A5E05D7148>, kwargs={})
2022-10-11 19:13:57,393:INFO:Checking exceptions
2022-10-11 19:13:57,393:INFO:Importing libraries
2022-10-11 19:13:57,393:INFO:Copying training dataset
2022-10-11 19:13:57,396:INFO:Defining folds
2022-10-11 19:13:57,396:INFO:Declaring metric variables
2022-10-11 19:13:57,429:INFO:Importing untrained model
2022-10-11 19:13:57,459:INFO:Light Gradient Boosting Machine Imported succesfully
2022-10-11 19:13:57,539:INFO:Starting cross validation
2022-10-11 19:13:57,541:INFO:Cross validating with StratifiedKFold(n_splits=10, random_state=None, shuffle=False), n_jobs=-1
2022-10-11 19:14:00,300:INFO:Calculating mean and std
2022-10-11 19:14:00,303:INFO:Creating metrics dataframe
2022-10-11 19:14:00,315:INFO:Uploading results into container
2022-10-11 19:14:00,315:INFO:Uploading model into container now
2022-10-11 19:14:00,315:INFO:create_model_container: 14
2022-10-11 19:14:00,316:INFO:master_model_container: 14
2022-10-11 19:14:00,316:INFO:display_container: 2
2022-10-11 19:14:00,318:INFO:LGBMClassifier(boosting_type='gbdt', class_weight=None, colsample_bytree=1.0,
               importance_type='split', learning_rate=0.1, max_depth=-1,
               min_child_samples=20, min_child_weight=0.001, min_split_gain=0.0,
               n_estimators=100, n_jobs=-1, num_leaves=31, objective=None,
               random_state=42, reg_alpha=0.0, reg_lambda=0.0, silent='warn',
               subsample=1.0, subsample_for_bin=200000, subsample_freq=0)
2022-10-11 19:14:00,318:INFO:create_model() succesfully completed......................................
2022-10-11 19:14:00,700:INFO:SubProcess create_model() end ==================================
2022-10-11 19:14:00,700:INFO:Creating metrics dataframe
2022-10-11 19:14:00,818:INFO:Initializing create_model()
2022-10-11 19:14:00,818:INFO:create_model(estimator=QuadraticDiscriminantAnalysis(priors=None, reg_param=0.0,
                              store_covariance=False, tol=0.0001), fold=StratifiedKFold(n_splits=10, random_state=None, shuffle=False), round=4, cross_validation=False, predict=False, fit_kwargs={}, groups=None, refit=True, verbose=False, system=False, metrics=None, display=None, kwargs={})
2022-10-11 19:14:00,819:INFO:Checking exceptions
2022-10-11 19:14:00,820:INFO:Importing libraries
2022-10-11 19:14:00,820:INFO:Copying training dataset
2022-10-11 19:14:00,820:INFO:Defining folds
2022-10-11 19:14:00,821:INFO:Declaring metric variables
2022-10-11 19:14:00,821:INFO:Importing untrained model
2022-10-11 19:14:00,821:INFO:Declaring custom model
2022-10-11 19:14:00,822:INFO:Quadratic Discriminant Analysis Imported succesfully
2022-10-11 19:14:00,824:INFO:Cross validation set to False
2022-10-11 19:14:00,824:INFO:Fitting Model
2022-10-11 19:14:00,843:INFO:QuadraticDiscriminantAnalysis(priors=None, reg_param=0.0,
                              store_covariance=False, tol=0.0001)
2022-10-11 19:14:00,843:INFO:create_models() succesfully completed......................................
2022-10-11 19:14:01,419:INFO:create_model_container: 14
2022-10-11 19:14:01,420:INFO:master_model_container: 14
2022-10-11 19:14:01,420:INFO:display_container: 2
2022-10-11 19:14:01,421:INFO:QuadraticDiscriminantAnalysis(priors=None, reg_param=0.0,
                              store_covariance=False, tol=0.0001)
2022-10-11 19:14:01,421:INFO:compare_models() succesfully completed......................................
